[06:39:40] [main/INFO]: Setting user: xXMagmaHDXx
[06:39:41] [Client thread/INFO]: LWJGL Version: 2.9.1
[06:39:53] [Client thread/INFO]: Reloading ResourceManager: Default, FMLFileResourcePack:Forge Mod Loader, FMLFileResourcePack:Minecraft Forge, FMLFileResourcePack:Not Enough Items, FMLFileResourcePack:Lucky Block, FMLFileResourcePack:BiblioCraft, FMLFileResourcePack:BC Builders, FMLFileResourcePack:BC Transport, FMLFileResourcePack:BC Energy, FMLFileResourcePack:BC Silicon, FMLFileResourcePack:BC Robotics, FMLFileResourcePack:BuildCraft, FMLFileResourcePack:BC Factory, FMLFileResourcePack:BuildCraft Compat, FMLFileResourcePack:ChickenChunks, FMLFileResourcePack:Chisel 2, FMLFileResourcePack:Dynamic Lights, FMLFileResourcePack:Dynamic Lights Burning Entity Module, FMLFileResourcePack:Dynamic Lights Creeper Module, FMLFileResourcePack:Dynamic Lights EntityItem Module, FMLFileResourcePack:Dynamic Lights Entity Light Module, FMLFileResourcePack:Dynamic Lights Mob Equipment Light Module, FMLFileResourcePack:Dynamic Lights Fiery Arrows Light Module, FMLFileResourcePack:Dynamic Lights Flood Light, FMLFileResourcePack:Dynamic Lights OtherPlayers Light Module, FMLFileResourcePack:Dynamic Lights Player Light Module, FMLFileResourcePack:EnderStorage, FMLFileResourcePack:Extra Utilities, FMLFileResourcePack:Hopper Ducts, FMLFileResourcePack:IndustrialCraft 2 Classic, FMLFileResourcePack:IC2 Classic Detection Helper, FMLFileResourcePack:JABBA, FMLFileResourcePack:JourneyMap, FMLFileResourcePack:Mantle, FMLFileResourcePack:MineTweaker 3, FMLFileResourcePack:MineTweakerRecipeMaker, FMLFileResourcePack:Mouse Tweaks, FMLFileResourcePack:Tinkers' Construct, FMLFileResourcePack:Thaumcraft, FMLFileResourcePack:Translocator, FMLFileResourcePack:AtomicStryker Update Check Mod, FMLFileResourcePack:WR-CBE Core, FMLFileResourcePack:WR-CBE Addons, FMLFileResourcePack:WR-CBE Logic, FMLFileResourcePack:Baubles, FMLFileResourcePack:Forge Microblocks, FMLFileResourcePack:Forge Multipart, FMLFileResourcePack:Minecraft Multipart Plugin
[06:39:59] [Client thread/INFO]: Created: 16x16 textures/blocks-atlas
[06:39:59] [Sound Library Loader/INFO]: Sound engine started
[06:39:59] [Client thread/INFO]: Created: 16x16 textures/items-atlas
[06:40:04] [Client thread/INFO]: Reloading ResourceManager: Default, FMLFileResourcePack:Forge Mod Loader, FMLFileResourcePack:Minecraft Forge, FMLFileResourcePack:Not Enough Items, FMLFileResourcePack:Lucky Block, FMLFileResourcePack:BiblioCraft, FMLFileResourcePack:BC Builders, FMLFileResourcePack:BC Transport, FMLFileResourcePack:BC Energy, FMLFileResourcePack:BC Silicon, FMLFileResourcePack:BC Robotics, FMLFileResourcePack:BuildCraft, FMLFileResourcePack:BC Factory, FMLFileResourcePack:BuildCraft Compat, FMLFileResourcePack:ChickenChunks, FMLFileResourcePack:Chisel 2, FMLFileResourcePack:Dynamic Lights, FMLFileResourcePack:Dynamic Lights Burning Entity Module, FMLFileResourcePack:Dynamic Lights Creeper Module, FMLFileResourcePack:Dynamic Lights EntityItem Module, FMLFileResourcePack:Dynamic Lights Entity Light Module, FMLFileResourcePack:Dynamic Lights Mob Equipment Light Module, FMLFileResourcePack:Dynamic Lights Fiery Arrows Light Module, FMLFileResourcePack:Dynamic Lights Flood Light, FMLFileResourcePack:Dynamic Lights OtherPlayers Light Module, FMLFileResourcePack:Dynamic Lights Player Light Module, FMLFileResourcePack:EnderStorage, FMLFileResourcePack:Extra Utilities, FMLFileResourcePack:Hopper Ducts, FMLFileResourcePack:Industrial Craft Classic, FMLFileResourcePack:IC2 Classic Detection Helper, FMLFileResourcePack:JABBA, FMLFileResourcePack:JourneyMap, FMLFileResourcePack:Mantle, FMLFileResourcePack:MineTweaker 3, FMLFileResourcePack:MineTweakerRecipeMaker, FMLFileResourcePack:Mouse Tweaks, FMLFileResourcePack:Tinkers' Construct, FMLFileResourcePack:Thaumcraft, FMLFileResourcePack:Translocator, FMLFileResourcePack:AtomicStryker Update Check Mod, FMLFileResourcePack:WR-CBE Core, FMLFileResourcePack:WR-CBE Addons, FMLFileResourcePack:WR-CBE Logic, FMLFileResourcePack:Baubles, FMLFileResourcePack:Forge Microblocks, FMLFileResourcePack:Forge Multipart, FMLFileResourcePack:Minecraft Multipart Plugin, XU_Delegate_Pack, XU_Delegate_Pack, XU_Delegate_Pack
[06:40:07] [Client thread/INFO]: Created: 2048x1024 textures/items-atlas
[06:40:11] [Client thread/INFO]: Created: 2048x1024 textures/blocks-atlas
[06:40:12] [Sound Library Loader/INFO]: Sound engine started
[06:43:42] [Server thread/INFO]: Starting integrated minecraft server version 1.7.10
[06:43:42] [Server thread/INFO]: Generating keypair
[06:43:43] [Server thread/INFO]: Preparing start region for level 0
[06:43:44] [Server thread/INFO]: Changing view distance to 12, from 10
[06:43:45] [Server thread/INFO]: xXMagmaHDXx[local:E:1659f6fe] logged in with entity id 316 at (328.9444971020886, 72.0, 351.07854063160033)
[06:43:45] [Server thread/INFO]: xXMagmaHDXx joined the game
[06:43:49] [Client thread/INFO]: [CHAT] codechickencore.update
[06:43:52] [Client thread/INFO]: [CHAT] §eJourneyMap:§f Press [§bJ§f]
[06:43:55] [Server thread/INFO]: Saving and pausing game...
[06:43:55] [Server thread/INFO]: Saving chunks for level 'V+T+S'/Overworld
[06:43:55] [Server thread/INFO]: Saving chunks for level 'V+T+S'/Nether
[06:43:55] [Server thread/INFO]: Saving chunks for level 'V+T+S'/The End
[06:43:56] [Server thread/INFO]: Saving chunks for level 'V+T+S'/The Outer Lands
[06:43:56] [Server thread/INFO]: Saving chunks for level 'V+T+S'/Underdark
[06:43:56] [Server thread/INFO]: Saving chunks for level 'V+T+S'/The Last Millenium
[06:44:24] [Server thread/INFO]: [xXMagmaHDXx: Given [Native Silver Cluster] * 1 to xXMagmaHDXx]
[06:44:24] [Client thread/INFO]: [CHAT] Given [Native Silver Cluster] * 1 to xXMagmaHDXx
[06:49:33] [Server thread/INFO]: Saving and pausing game...
[06:49:33] [Server thread/INFO]: Saving chunks for level 'V+T+S'/Overworld
[06:49:33] [Server thread/INFO]: Saving chunks for level 'V+T+S'/Nether
[06:49:33] [Server thread/INFO]: Saving chunks for level 'V+T+S'/The Last Millenium
[06:53:21] [Client thread/INFO]: Warning: Clientside chunk ticking took 240 ms
[06:53:26] [Server thread/INFO]: [xXMagmaHDXx: Given [Torch] * 64 to xXMagmaHDXx]
[06:53:26] [Client thread/INFO]: [CHAT] Given [Torch] * 64 to xXMagmaHDXx
[06:53:27] [Server thread/INFO]: [xXMagmaHDXx: Given [Torch] * 64 to xXMagmaHDXx]
[06:53:27] [Client thread/INFO]: [CHAT] Given [Torch] * 64 to xXMagmaHDXx
[06:53:27] [Server thread/INFO]: [xXMagmaHDXx: Given [Torch] * 64 to xXMagmaHDXx]
[06:53:27] [Client thread/INFO]: [CHAT] Given [Torch] * 64 to xXMagmaHDXx
[06:53:32] [Client thread/INFO]: Warning: Clientside chunk ticking took 223 ms
[06:53:46] [Client thread/INFO]: Warning: Clientside chunk ticking took 151 ms
[06:53:47] [Client thread/INFO]: Warning: Clientside chunk ticking took 133 ms
[06:54:49] [Client thread/INFO]: Warning: Clientside chunk ticking took 340 ms
[06:54:52] [Client thread/INFO]: Warning: Clientside chunk ticking took 303 ms
[06:56:03] [Client thread/INFO]: Warning: Clientside chunk ticking took 199 ms
[06:57:59] [Client thread/INFO]: Warning: Clientside chunk ticking took 280 ms
[06:58:09] [Client thread/INFO]: Warning: Clientside chunk ticking took 108 ms
[06:58:10] [Client thread/INFO]: Warning: Clientside chunk ticking took 279 ms
[06:58:13] [Client thread/INFO]: Warning: Clientside chunk ticking took 184 ms
[07:00:18] [Client thread/INFO]: Warning: Clientside chunk ticking took 301 ms
[07:07:39] [Client thread/INFO]: Warning: Clientside chunk ticking took 205 ms
[07:08:22] [Client thread/INFO]: Warning: Clientside chunk ticking took 226 ms
[07:09:05] [Client thread/INFO]: Stopping!
[07:09:05] [Server thread/INFO]: Stopping server
[07:09:05] [Server thread/INFO]: Saving players
[07:09:05] [Server thread/INFO]: Saving worlds
[07:09:05] [Server thread/INFO]: Saving chunks for level 'V+T+S'/Overworld
[07:09:05] [Server thread/INFO]: Saving chunks for level 'V+T+S'/Nether
[07:09:05] [Server thread/INFO]: Saving chunks for level 'V+T+S'/The Last Millenium
[07:09:05] [Client Shutdown Thread/INFO]: Stopping server
