[06:40:01] [Client thread/INFO] [JMLogger] JourneyMap log initialized.
[06:40:01] [Client thread/INFO] [JourneyMap] ensureCurrent ENTER
[06:40:02] [Client thread/INFO] [PropertiesBase] Loaded CoreProperties from C:\Users\Macauley\Desktop\VBT\journeymap\config\5.1\journeymap.core.config
[06:40:02] [Client thread/INFO] [PropertiesBase] Loaded FullMapProperties from C:\Users\Macauley\Desktop\VBT\journeymap\config\5.1\journeymap.fullmap.config
[06:40:02] [Client thread/INFO] [PropertiesBase] Loaded MiniMapProperties from C:\Users\Macauley\Desktop\VBT\journeymap\config\5.1\journeymap.minimap.config
[06:40:02] [Client thread/INFO] [PropertiesBase] Loaded MiniMapProperties2 from C:\Users\Macauley\Desktop\VBT\journeymap\config\5.1\journeymap.minimap2.config
[06:40:02] [Client thread/INFO] [PropertiesBase] Loaded WebMapProperties from C:\Users\Macauley\Desktop\VBT\journeymap\config\5.1\journeymap.webmap.config
[06:40:02] [Client thread/INFO] [PropertiesBase] Loaded WaypointProperties from C:\Users\Macauley\Desktop\VBT\journeymap\config\5.1\journeymap.waypoint.config
[06:40:02] [Client thread/INFO] [?] Version: JourneyMap 5.1.0 Unlimited, built with Forge 10.13.2.1291
Forge: 10.13.4.1558
Environment: os.name, os.arch, java.version, user.country, user.language=null, game language=en_US, locale=en_us
Unlimited Features: 
	RadarPlayers : singleplayer = true , multiplayer = true
	RadarAnimals : singleplayer = true , multiplayer = true
	RadarMobs : singleplayer = true , multiplayer = true
	RadarVillagers : singleplayer = true , multiplayer = true
	MapCaves : singleplayer = true , multiplayer = true
MiniMapProperties{entityIconSetName=2D, showAnimals=true, showMobs=true, showPets=true, showPlayers=true, showSelf=true, showVillagers=true, showWaypoints=true, zoomLevel=0, fontScale=1, locationFormat=xzyv, locationFormatVerbose=true, showCaves=true, showWaypointLabels=true, showMobHeading=true, showPlayerHeading=true, textureSmall=true, active=true, compassFontScale=1, enabled=true, frameAlpha=100, name=minimap, orientation=My Heading, position=Top Right, preferredMapType=day, reticleOrientation=Compass, shape=Circle, showBiome=true, showCompass=true, showFps=false, showLocation=true, showReticle=true, sizePercent=30, terrainAlpha=100}
MiniMapProperties2{enabled=true, shape=Rectangle, position=Top Center, showFps=false, showBiome=true, showLocation=true, showWaypointLabels=true, sizePercent=30, frameAlpha=60, terrainAlpha=60, orientation=My Heading, compassFontScale=1, showCompass=true, showReticle=true, reticleOrientation=Compass, preferredMapType=day, name=minimap2, id=2}
FullMapProperties{entityIconSetName=2D, showAnimals=true, showMobs=true, showPets=true, showPlayers=true, showSelf=true, showVillagers=true, showWaypoints=true, zoomLevel=0, fontScale=1, locationFormat=xzyv, locationFormatVerbose=true, showCaves=true, showWaypointLabels=true, showMobHeading=true, showPlayerHeading=true, textureSmall=true, preferredMapType=day, showGrid=true}
WaypointProperties{autoHideLabel=true, beaconEnabled=true, boldLabel=false, createDeathpoints=true, fontScale=2, managerEnabled=true, maxDistance=0, name=waypoint, showDistance=true, showName=true, showRotatingBeam=true, showStaticBeam=true, showTexture=true, textureSmall=true}
WebMapProperties: , enabled=false, port=8080, showMobs=true, showAnimals=true, showVillagers=true, showPets=true, showPlayers=true, showWaypoints=true, entityIconSetName=2D
CoreProperties{announceMod=true, autoMapPoll=2000, browserPoll=2000, cacheAnimalsData=3100, cacheMobsData=3000, cachePlayerData=1000, cachePlayersData=2000, cacheVillagersData=2200, caveIgnoreGlass=true, checkUpdates=true, renderDelay=2, hideSneakingEntities=true, logLevel=INFO, mapAntialiasing=true, mapBathymetry=false, mapCaveLighting=true, mapCrops=true, mapPlants=false, mapPlantShadows=false, mapSurfaceAboveCaves=true, tileHighDisplayQuality=true, mapTransparency=true, maxAnimalsData=32, maxMobsData=32, maxPlayersData=32, maxVillagersData=32, optionsManagerViewed=, radarLateralDistance=64, radarVerticalDistance=16, recordCacheStats=false, renderOverlayEventTypeName=ALL, renderOverlayPreEvent=true, renderDistanceCaveMin=3, renderDistanceCaveMax=3, renderDistanceSurfaceMin=4, renderDistanceSurfaceMax=7, revealShape=Circle, themeName=Victorian, tileRenderType=1}
[06:40:02] [Client thread/INFO] [JourneyMap] ensureCurrent EXIT, elapsed§8 count §r1§8 avg §r199.42§8ms§r
[06:40:03] [Client thread/INFO] [JourneyMap] postInitialize ENTER
[06:40:03] [Client thread/DEBUG] [EventHandlerManager] net.techbrew.journeymap.forge.event.ChatEventHandler registered in MinecraftForgeBus
[06:40:03] [Client thread/DEBUG] [EventHandlerManager] net.techbrew.journeymap.forge.event.StateTickHandler registered in FMLCommonHandlerBus
[06:40:03] [Client thread/DEBUG] [EventHandlerManager] net.techbrew.journeymap.forge.event.WorldEventHandler registered in MinecraftForgeBus
[06:40:03] [Client thread/DEBUG] [EventHandlerManager] net.techbrew.journeymap.forge.event.ChunkUpdateHandler registered in MinecraftForgeBus
[06:40:03] [Client thread/DEBUG] [EventHandlerManager] net.techbrew.journeymap.forge.event.WaypointBeaconHandler registered in MinecraftForgeBus
[06:40:03] [Client thread/INFO] [WorldInfoHandler] Registered channel: world_info
[06:40:03] [Client thread/INFO] [ModBlockDelegate] Registered IModBlockHandler for: 'CarpentersBlocks:blockCarpentersBlock, CarpentersBlocks:blockCarpentersBarrier, CarpentersBlocks:blockCarpentersBed, CarpentersBlocks:blockCarpentersCollapsibleBlock, CarpentersBlocks:blockCarpentersDaylightSensor, CarpentersBlocks:blockCarpentersDoor, CarpentersBlocks:blockCarpentersFlowerPot, CarpentersBlocks:blockCarpentersGarageDoor, CarpentersBlocks:blockCarpentersGate, CarpentersBlocks:blockCarpentersHatch, CarpentersBlocks:blockCarpentersPressurePlate, CarpentersBlocks:blockCarpentersSafe, CarpentersBlocks:blockCarpentersSlope, CarpentersBlocks:blockCarpentersStairs'.
[06:40:03] [Client thread/DEBUG] [EventHandlerManager] net.techbrew.journeymap.forge.event.MiniMapOverlayHandler registered in MinecraftForgeBus
[06:40:03] [Client thread/DEBUG] [EventHandlerManager] net.techbrew.journeymap.forge.event.KeyEventHandler registered in FMLCommonHandlerBus
[06:40:03] [Client thread/INFO] [IconSetFileHandler] Initializing icon sets...
[06:40:04] [Client thread/TRACE] [ThemeFileHandler] Initializing themes ...
[06:40:04] [Client thread/DEBUG] [PropertiesBase] Saved journeymap.webmap.config
[06:40:04] [Client thread/INFO] [JourneyMap] postInitialize EXIT, elapsed§8 count §r1§8 avg §r372.4§8ms§r
[06:43:51] [Client thread/INFO] [WaypointStore] Loaded 1 waypoints from C:\Users\Macauley\Desktop\VBT\journeymap\data\sp\V+T+S\waypoints
[06:43:52] [Client thread/INFO] [ColorCache] Getting color palette for Resource Pack(s): Default
[06:43:52] [Client thread/INFO] [ColorPalette] Existing color palette's resource packs and mod names match current loadout.
[06:43:52] [Client thread/INFO] [ColorCache] Existing color palette loaded 18707 colors in 196ms from file: C:\Users\Macauley\Desktop\VBT\journeymap\colorpalette.json
[06:43:52] [Client thread/INFO] [JourneyMap] Mapping started in C:\Users\Macauley\Desktop\VBT\journeymap\data\sp\V+T+S\DIM0. Memory: 773MB total, 218MB free 
[06:43:52] [Client thread/INFO] [ChatLog] JourneyMap: Press [J]
[06:43:52] [JM-VersionCheck-4/INFO] [VersionCheck$1] Checking for updated version: https://dl.dropboxusercontent.com/u/38077766/JourneyMap/journeymap-versions.json
[06:43:53] [JM-VersionCheck-4/INFO] [VersionCheck$1] Current version online: JourneyMap 5.1.3 for Minecraft 1.7.10 on http://journeymap.info/download
[06:44:31] [Server thread/INFO] [JourneyMap] Mapping halted in C:\Users\Macauley\Desktop\VBT\journeymap\data\sp\V+T+S\DIM0
[06:44:32] [Client thread/INFO] [WaypointStore] Loaded 1 waypoints from C:\Users\Macauley\Desktop\VBT\journeymap\data\sp\V+T+S\waypoints
[06:44:32] [Client thread/INFO] [JourneyMap] Mapping started in C:\Users\Macauley\Desktop\VBT\journeymap\data\sp\V+T+S\DIM0. Memory: 854MB total, 332MB free 
[07:09:05] [Client thread/INFO] [JourneyMap] Mapping halted in C:\Users\Macauley\Desktop\VBT\journeymap\data\sp\V+T+S\DIM0
